<?xml version="1.0" encoding="UTF-8"?>
<!-- Generated by org.testng.reporters.JUnitReportReporter -->
<testsuite hostname="LAPTOP-CTRLAISOFTWARE" name="pkg_mavenTestNg.SaucelabsAutomationTestNGTest" tests="1" failures="0" timestamp="20 Jul 2021 15:47:07 GMT" time="9.531" errors="0">
  <testcase name="saucelabsAutomationTestNG" time="9.531" classname="pkg_mavenTestNg.SaucelabsAutomationTestNGTest"/>
</testsuite> <!-- pkg_mavenTestNg.SaucelabsAutomationTestNGTest -->
