<?xml version="1.0" encoding="UTF-8"?>
<!-- Generated by org.testng.reporters.JUnitReportReporter -->
<testsuite skipped="0" hostname="LAPTOP-CTRLAISOFTWARE" name="pkg_mavenTestNg.SaucelabsAutomationTestNGTest" tests="4" failures="0" timestamp="2021-07-29T07:53:10 IST" time="8.560" errors="0">
  <testcase name="Login" time="2.411" classname="pkg_mavenTestNg.SaucelabsAutomationTestNGTest"/>
  <system-out/>
  <testcase name="checkout" time="0.278" classname="pkg_mavenTestNg.SaucelabsAutomationTestNGTest"/>
  <system-out/>
  <testcase name="CustormerDetails" time="0.675" classname="pkg_mavenTestNg.SaucelabsAutomationTestNGTest"/>
  <system-out/>
  <testcase name="Logout" time="5.196" classname="pkg_mavenTestNg.SaucelabsAutomationTestNGTest"/>
  <system-out/>
</testsuite> <!-- pkg_mavenTestNg.SaucelabsAutomationTestNGTest -->
